Build started 2014-02-09 13:06:40.
     1>Project "C:\Users\przem_000\documents\visual studio 2013\Projects\Test1\Test1\Test1.vcxproj" on node 2 (Build target(s)).
     1>ClCompile:
         D:\Pliki programów (x86)\Microsoft Visual Studio 12.0\VC\bin\CL.exe /c /ID:\opencv248\build\include /ID:\opencv248\build\include /ID:\opencv248\build\include\opencv2 /ID:\opencv248\build\include\opencv /ZI /nologo /W3 /WX- /sdl /Od /Oy- /D WIN32 /D _DEBUG /D _CONSOLE /D _LIB /D _UNICODE /D UNICODE /Gm /EHsc /RTC1 /MDd /GS /fp:precise /Zc:wchar_t /Zc:forScope /Fo"Debug\\" /Fd"Debug\vc120.pdb" /Gd /TP /analyze- /errorReport:prompt Modyfikacje.cpp
         Modyfikacje.cpp
     1>c:\users\przem_000\documents\visual studio 2013\projects\test1\test1\modyfikacje.cpp(87): warning C4018: '<' : signed/unsigned mismatch
       Link:
         D:\Pliki programów (x86)\Microsoft Visual Studio 12.0\VC\bin\link.exe /ERRORREPORT:PROMPT /OUT:"C:\Users\przem_000\documents\visual studio 2013\Projects\Test1\Debug\Test1.exe" /INCREMENTAL /NOLOGO /LIBPATH:D:\opencv248\build\x64\vc12\lib /LIBPATH:D:\opencv248\build\x64\vc12\lib opencv_calib3d248.lib opencv_contrib248.lib opencv_core248.lib opencv_features2d248.lib opencv_flann248.lib opencv_gpu248.lib opencv_highgui248.lib opencv_imgproc248.lib opencv_legacy248.lib opencv_ml248.lib opencv_nonfree248.lib opencv_objdetect248.lib opencv_ocl248.lib opencv_photo248.lib opencv_stitching248.lib opencv_superres248.lib opencv_ts248.lib opencv_video248.lib opencv_videostab248.lib opencv_calib3d248d.lib opencv_contrib248d.lib opencv_core248d.lib opencv_features2d248d.lib opencv_flann248d.lib opencv_gpu248d.lib opencv_highgui248d.lib opencv_imgproc248d.lib opencv_legacy248d.lib opencv_ml248d.lib opencv_nonfree248d.lib opencv_objdetect248d.lib opencv_ocl248d.lib opencv_photo248d.lib opencv_stitching248d.lib opencv_superres248d.lib opencv_ts248d.lib opencv_video248d.lib opencv_videostab248d.lib kernel32.lib user32.lib gdi32.lib winspool.lib comdlg32.lib advapi32.lib shell32.lib ole32.lib oleaut32.lib uuid.lib odbc32.lib odbccp32.lib /MANIFEST /MANIFESTUAC:"level='asInvoker' uiAccess='false'" /manifest:embed /DEBUG /PDB:"C:\Users\przem_000\documents\visual studio 2013\Projects\Test1\Debug\Test1.pdb" /SUBSYSTEM:CONSOLE /TLBID:1 /DYNAMICBASE /NXCOMPAT /IMPLIB:"C:\Users\przem_000\documents\visual studio 2013\Projects\Test1\Debug\Test1.lib" /MACHINE:X86 Debug\Modyfikacje.obj
     1>opencv_highgui248.lib(opencv_highgui248.dll) : fatal error LNK1112: module machine type 'x64' conflicts with target machine type 'X86'
     1>Done Building Project "C:\Users\przem_000\documents\visual studio 2013\Projects\Test1\Test1\Test1.vcxproj" (Build target(s)) -- FAILED.

Build FAILED.

Time Elapsed 00:00:01.43
